[2025-04-19T16:58:47.195Z] [INFO] لاگر با موفقیت پیکربندی شد 
[2025-04-19T16:58:47.199Z] [INFO] 
--------------------------------------------------
نمونه‌های استفاده از لاگر
-------------------------------------------------- 
[2025-04-19T16:58:47.199Z] [DEBUG] این یک پیام دیباگ است { detail: 'جزئیات بیشتر', count: 42 }
[2025-04-19T16:58:47.203Z] [INFO] سرویس با موفقیت راه‌اندازی شد در پورت 3000
[2025-04-19T16:58:47.205Z] [SUCCESS] عملیات با موفقیت انجام شد 
[2025-04-19T16:58:47.205Z] [WARNING] این یک هشدار است - منابع سیستم در حال اتمام است 
[2025-04-19T16:58:47.205Z] [ERROR] خطا در برقراری ارتباط با API خارجی 
[2025-04-19T16:58:47.205Z] [FATAL] خطای بحرانی: پایگاه داده در دسترس نیست! 
[2025-04-19T16:58:47.224Z] [ERROR] خطا در فرایند احراز هویت Error: این یک خطای آزمایشی است
Error: این یک خطای آزمایشی است
    at logExamples (/workspaces/backend-dicardo/src/examples/logger-example.ts:33:11)
    at runExamples (/workspaces/backend-dicardo/src/examples/logger-example.ts:68:3)
    at Object.<anonymous> (/workspaces/backend-dicardo/src/examples/logger-example.ts:75:1)
    at Module._compile (node:internal/modules/cjs/loader:1529:14)
    at Module.m._compile (/workspaces/backend-dicardo/node_modules/ts-node/src/index.ts:1618:23)
    at Module._extensions..js (node:internal/modules/cjs/loader:1613:10)
    at Object.require.extensions.<computed> [as .ts] (/workspaces/backend-dicardo/node_modules/ts-node/src/index.ts:1621:12)
    at Module.load (node:internal/modules/cjs/loader:1275:32)
    at Function.Module._load (node:internal/modules/cjs/loader:1096:12)
    at Function.executeUserEntryPoint [as runMain] (node:internal/modules/run_main:164:12)
[2025-04-19T16:58:47.225Z] [INFO] 
--------------------------------------------------
مثال استفاده در API
-------------------------------------------------- 
[2025-04-19T16:58:47.225Z] [INFO] درخواست جدید دریافت شد [req-yp7nq14smt] از کاربر [user-123] 
[2025-04-19T16:58:47.225Z] [DEBUG] شروع به پردازش درخواست req-yp7nq14smt 
[2025-04-19T16:58:48.227Z] [SUCCESS] درخواست req-yp7nq14smt با موفقیت پردازش شد 
[2025-04-19T16:58:48.228Z] [INFO] در حال بستن لاگر 
